[debug] [2023-04-27T18:39:11.143Z] ----------------------------------------------------------------------
[debug] [2023-04-27T18:39:11.145Z] Command:       C:\Program Files\nodejs\node.exe C:\Users\Nicol\AppData\Roaming\npm\node_modules\firebase-tools\lib\bin\firebase.js deploy --only hosting
[debug] [2023-04-27T18:39:11.145Z] CLI Version:   11.16.0
[debug] [2023-04-27T18:39:11.145Z] Platform:      win32
[debug] [2023-04-27T18:39:11.145Z] Node Version:  v16.16.0
[debug] [2023-04-27T18:39:11.146Z] Time:          Thu Apr 27 2023 14:39:11 GMT-0400 (hora estándar de Chile)
[debug] [2023-04-27T18:39:11.146Z] ----------------------------------------------------------------------
[debug] 
[debug] [2023-04-27T18:39:11.148Z] >>> [apiv2][query] GET https://firebase-public.firebaseio.com/cli.json [none]
[debug] [2023-04-27T18:39:11.207Z] > command requires scopes: ["email","openid","https://www.googleapis.com/auth/cloudplatformprojects.readonly","https://www.googleapis.com/auth/firebase","https://www.googleapis.com/auth/cloud-platform"]
[debug] [2023-04-27T18:39:11.207Z] > authorizing via signed-in user (nicolasignaciodiaz96@gmail.com)
[debug] [2023-04-27T18:39:11.207Z] [iam] checking project bingo-d2e2c for permissions ["firebase.projects.get","firebasehosting.sites.update"]
[debug] [2023-04-27T18:39:11.208Z] > refreshing access token with scopes: []
[debug] [2023-04-27T18:39:11.208Z] >>> [apiv2][query] POST https://www.googleapis.com/oauth2/v3/token [none]
[debug] [2023-04-27T18:39:11.208Z] >>> [apiv2][body] POST https://www.googleapis.com/oauth2/v3/token [omitted]
[debug] [2023-04-27T18:39:11.370Z] <<< [apiv2][status] POST https://www.googleapis.com/oauth2/v3/token 200
[debug] [2023-04-27T18:39:11.370Z] <<< [apiv2][body] POST https://www.googleapis.com/oauth2/v3/token [omitted]
[debug] [2023-04-27T18:39:11.381Z] >>> [apiv2][query] POST https://cloudresourcemanager.googleapis.com/v1/projects/bingo-d2e2c:testIamPermissions [none]
[debug] [2023-04-27T18:39:11.381Z] >>> [apiv2][(partial)header] POST https://cloudresourcemanager.googleapis.com/v1/projects/bingo-d2e2c:testIamPermissions x-goog-quota-user=projects/bingo-d2e2c
[debug] [2023-04-27T18:39:11.382Z] >>> [apiv2][body] POST https://cloudresourcemanager.googleapis.com/v1/projects/bingo-d2e2c:testIamPermissions {"permissions":["firebase.projects.get","firebasehosting.sites.update"]}
[debug] [2023-04-27T18:39:11.613Z] <<< [apiv2][status] GET https://firebase-public.firebaseio.com/cli.json 200
[debug] [2023-04-27T18:39:11.613Z] <<< [apiv2][body] GET https://firebase-public.firebaseio.com/cli.json {"cloudBuildErrorAfter":1594252800000,"cloudBuildWarnAfter":1590019200000,"defaultNode10After":1594252800000,"minVersion":"3.0.5","node8DeploysDisabledAfter":1613390400000,"node8RuntimeDisabledAfter":1615809600000,"node8WarnAfter":1600128000000}
[debug] [2023-04-27T18:39:12.468Z] <<< [apiv2][status] POST https://cloudresourcemanager.googleapis.com/v1/projects/bingo-d2e2c:testIamPermissions 200
[debug] [2023-04-27T18:39:12.468Z] <<< [apiv2][body] POST https://cloudresourcemanager.googleapis.com/v1/projects/bingo-d2e2c:testIamPermissions {}
[debug] [2023-04-27T18:39:12.468Z] [iam] error while checking permissions, command may fail: FirebaseError: Authorization failed. This account is missing the following required permissions on project bingo-d2e2c:

  firebase.projects.get
  firebasehosting.sites.update
[debug] [2023-04-27T18:39:12.469Z] >>> [apiv2][query] GET https://firebase.googleapis.com/v1beta1/projects/bingo-d2e2c [none]
[debug] [2023-04-27T18:39:12.984Z] <<< [apiv2][status] GET https://firebase.googleapis.com/v1beta1/projects/bingo-d2e2c 403
[debug] [2023-04-27T18:39:12.984Z] <<< [apiv2][body] GET https://firebase.googleapis.com/v1beta1/projects/bingo-d2e2c {"error":{"code":403,"message":"The caller does not have permission","status":"PERMISSION_DENIED"}}
[debug] [2023-04-27T18:39:12.985Z] HTTP Error: 403, The caller does not have permission
[debug] [2023-04-27T18:39:13.117Z] FirebaseError: HTTP Error: 403, The caller does not have permission
    at responseToError (C:\Users\Nicol\AppData\Roaming\npm\node_modules\firebase-tools\lib\responseToError.js:49:12)
    at RetryOperation._fn (C:\Users\Nicol\AppData\Roaming\npm\node_modules\firebase-tools\lib\apiv2.js:288:77)
    at processTicksAndRejections (node:internal/process/task_queues:96:5)
[error] 
[error] Error: Failed to get Firebase project bingo-d2e2c. Please make sure the project exists and your account has permission to access it.
